0 verbose cli C:\Program Files\nodejs\node.exe C:\Program Files\nodejs\node_modules\npm\bin\npm-cli.js
1 info using npm@11.13.0
2 info using node@v24.16.0
3 silly config load:file:C:\Program Files\nodejs\node_modules\npm\npmrc
4 silly config load:file:C:\Users\Admin\Documents\Study\.npmrc
5 silly config load:file:C:\Users\Admin\.npmrc
6 silly config load:file:C:\Users\Admin\AppData\Roaming\npm\etc\npmrc
7 verbose title npm install
8 verbose argv "install" "--cache" ".\\.npm-cache" "--prefer-online"
9 verbose logfile logs-max:10 dir:C:\Users\Admin\Documents\Study\.npm-cache\_logs\2026-06-17T08_05_00_198Z-
10 verbose logfile C:\Users\Admin\Documents\Study\.npm-cache\_logs\2026-06-17T08_05_00_198Z-debug-0.log
11 silly logfile done cleaning log files
12 silly packumentCache heap:4496293888 maxSize:1124073472 maxEntrySize:562036736
13 silly idealTree buildDeps
14 silly fetch manifest next@^15.5.0
15 silly packumentCache full:https://registry.npmjs.org/next cache-miss
16 http fetch GET 200 https://registry.npmjs.org/next 1526ms (cache revalidated)
17 silly packumentCache full:https://registry.npmjs.org/next set size:30802883 disposed:false
18 silly fetch manifest @opentelemetry/api@^1.1.0
19 silly packumentCache full:https://registry.npmjs.org/@opentelemetry%2fapi cache-miss
20 http fetch GET 200 https://registry.npmjs.org/@opentelemetry%2fapi 249ms (cache revalidated)
21 silly packumentCache full:https://registry.npmjs.org/@opentelemetry%2fapi set size:272967 disposed:false
22 silly fetch manifest @playwright/test@^1.51.1
23 silly packumentCache full:https://registry.npmjs.org/@playwright%2ftest cache-miss
24 http fetch GET 200 https://registry.npmjs.org/@playwright%2ftest 268ms (cache revalidated)
25 silly packumentCache full:https://registry.npmjs.org/@playwright%2ftest set size:9231888 disposed:false
26 silly fetch manifest babel-plugin-react-compiler@*
27 silly packumentCache full:https://registry.npmjs.org/babel-plugin-react-compiler cache-miss
28 http fetch GET 200 https://registry.npmjs.org/babel-plugin-react-compiler 220ms (cache revalidated)
29 silly packumentCache full:https://registry.npmjs.org/babel-plugin-react-compiler set size:1356999 disposed:false
30 silly fetch manifest react@^19.1.0
31 silly packumentCache full:https://registry.npmjs.org/react cache-miss
32 http fetch GET 200 https://registry.npmjs.org/react 697ms (cache revalidated)
33 silly packumentCache full:https://registry.npmjs.org/react set size:6711072 disposed:false
34 silly fetch manifest react-dom@^19.1.0
35 silly packumentCache full:https://registry.npmjs.org/react-dom cache-miss
36 http fetch GET 200 https://registry.npmjs.org/react-dom 234ms (cache revalidated)
37 silly packumentCache full:https://registry.npmjs.org/react-dom set size:8966966 disposed:false
38 silly fetch manifest sass@^1.3.0
39 silly packumentCache full:https://registry.npmjs.org/sass cache-miss
40 http fetch GET 200 https://registry.npmjs.org/sass 229ms (cache revalidated)
41 silly packumentCache full:https://registry.npmjs.org/sass set size:730445 disposed:false
42 silly fetch manifest @types/node@^22.10.0
43 silly packumentCache full:https://registry.npmjs.org/@types%2fnode cache-miss
44 http fetch GET 200 https://registry.npmjs.org/@types%2fnode 242ms (cache revalidated)
45 silly packumentCache full:https://registry.npmjs.org/@types%2fnode set size:11047915 disposed:false
46 silly fetch manifest @types/react@^19.1.0
47 silly packumentCache full:https://registry.npmjs.org/@types%2freact cache-miss
48 http fetch GET 200 https://registry.npmjs.org/@types%2freact 695ms (cache revalidated)
49 silly packumentCache full:https://registry.npmjs.org/@types%2freact set size:2632776 disposed:false
50 silly fetch manifest @types/react-dom@^19.1.0
51 silly packumentCache full:https://registry.npmjs.org/@types%2freact-dom cache-miss
52 http fetch GET 200 https://registry.npmjs.org/@types%2freact-dom 232ms (cache revalidated)
53 silly packumentCache full:https://registry.npmjs.org/@types%2freact-dom set size:429026 disposed:false
54 silly fetch manifest eslint@^9.17.0
55 silly packumentCache full:https://registry.npmjs.org/eslint cache-miss
56 http fetch GET 200 https://registry.npmjs.org/eslint 220ms (cache revalidated)
57 silly packumentCache full:https://registry.npmjs.org/eslint set size:2011545 disposed:false
58 silly fetch manifest jiti@*
59 silly packumentCache full:https://registry.npmjs.org/jiti cache-miss
60 http fetch GET 200 https://registry.npmjs.org/jiti 658ms (cache revalidated)
61 silly packumentCache full:https://registry.npmjs.org/jiti set size:387989 disposed:false
62 silly fetch manifest eslint-config-next@^15.5.0
63 silly packumentCache full:https://registry.npmjs.org/eslint-config-next cache-miss
64 http fetch GET 200 https://registry.npmjs.org/eslint-config-next 228ms (cache revalidated)
65 silly packumentCache full:https://registry.npmjs.org/eslint-config-next set size:6792101 disposed:false
66 silly fetch manifest typescript@^5.7.0
67 silly packumentCache full:https://registry.npmjs.org/typescript cache-miss
68 http fetch GET 200 https://registry.npmjs.org/typescript 243ms (cache revalidated)
69 silly packumentCache full:https://registry.npmjs.org/typescript set size:15410026 disposed:false
70 silly placeDep ROOT @types/node@22.19.21 OK for: baby-learning-playground@0.1.0 want: ^22.10.0
71 silly placeDep ROOT @types/react@19.2.17 OK for: baby-learning-playground@0.1.0 want: ^19.1.0
72 silly placeDep ROOT @types/react-dom@19.2.3 OK for: baby-learning-playground@0.1.0 want: ^19.1.0
73 silly placeDep ROOT eslint@9.39.4 OK for: baby-learning-playground@0.1.0 want: ^9.17.0
74 silly placeDep ROOT eslint-config-next@15.5.19 OK for: baby-learning-playground@0.1.0 want: ^15.5.0
75 silly placeDep ROOT next@15.5.19 OK for: baby-learning-playground@0.1.0 want: ^15.5.0
76 silly placeDep ROOT react@19.2.7 OK for: next@15.5.19 want: ^18.2.0 || 19.0.0-rc-de68d2f4-20241204 || ^19.0.0
77 silly placeDep ROOT react-dom@19.2.7 OK for: next@15.5.19 want: ^18.2.0 || 19.0.0-rc-de68d2f4-20241204 || ^19.0.0
78 silly placeDep ROOT typescript@5.9.3 OK for: baby-learning-playground@0.1.0 want: ^5.7.0
79 silly fetch manifest undici-types@~6.21.0
80 silly packumentCache full:https://registry.npmjs.org/undici-types cache-miss
81 silly fetch manifest csstype@^3.2.2
82 silly packumentCache full:https://registry.npmjs.org/csstype cache-miss
83 silly fetch manifest ajv@^6.14.0
84 silly packumentCache full:https://registry.npmjs.org/ajv cache-miss
85 silly fetch manifest chalk@^4.0.0
86 silly packumentCache full:https://registry.npmjs.org/chalk cache-miss
87 silly fetch manifest debug@^4.3.2
88 silly packumentCache full:https://registry.npmjs.org/debug cache-miss
89 silly fetch manifest espree@^10.4.0
90 silly packumentCache full:https://registry.npmjs.org/espree cache-miss
91 silly fetch manifest ignore@^5.2.0
92 silly packumentCache full:https://registry.npmjs.org/ignore cache-miss
93 silly fetch manifest esquery@^1.5.0
94 silly packumentCache full:https://registry.npmjs.org/esquery cache-miss
95 silly fetch manifest esutils@^2.0.2
96 silly packumentCache full:https://registry.npmjs.org/esutils cache-miss
97 silly fetch manifest find-up@^5.0.0
98 silly packumentCache full:https://registry.npmjs.org/find-up cache-miss
99 silly fetch manifest is-glob@^4.0.0
100 silly packumentCache full:https://registry.npmjs.org/is-glob cache-miss
101 http fetch GET 200 https://registry.npmjs.org/undici-types 214ms (cache revalidated)
102 silly packumentCache full:https://registry.npmjs.org/undici-types set size:234918 disposed:false
103 silly fetch manifest minimatch@^3.1.5
104 silly packumentCache full:https://registry.npmjs.org/minimatch cache-miss
105 http fetch GET 200 https://registry.npmjs.org/minimatch 200ms (cache revalidated)
106 silly packumentCache full:https://registry.npmjs.org/minimatch set size:375282 disposed:false
107 silly fetch manifest @eslint/js@9.39.4
108 silly packumentCache full:https://registry.npmjs.org/@eslint%2fjs cache-miss
109 http fetch GET 200 https://registry.npmjs.org/@eslint%2fjs 240ms (cache revalidated)
110 silly packumentCache full:https://registry.npmjs.org/@eslint%2fjs set size:140022 disposed:false
111 silly fetch manifest optionator@^0.9.3
112 silly packumentCache full:https://registry.npmjs.org/optionator cache-miss
113 http fetch GET 200 https://registry.npmjs.org/ignore 789ms (cache revalidated)
114 silly packumentCache full:https://registry.npmjs.org/ignore set size:237380 disposed:false
115 silly fetch manifest cross-spawn@^7.0.6
116 silly packumentCache full:https://registry.npmjs.org/cross-spawn cache-miss
117 http fetch GET 200 https://registry.npmjs.org/ajv 825ms (cache revalidated)
118 silly packumentCache full:https://registry.npmjs.org/ajv set size:1142658 disposed:false
119 silly fetch manifest glob-parent@^6.0.2
120 silly packumentCache full:https://registry.npmjs.org/glob-parent cache-miss
121 http fetch GET 200 https://registry.npmjs.org/find-up 846ms (cache revalidated)
122 silly packumentCache full:https://registry.npmjs.org/find-up set size:42620 disposed:false
123 silly fetch manifest imurmurhash@^0.1.4
124 silly packumentCache full:https://registry.npmjs.org/imurmurhash cache-miss
125 http fetch GET 200 https://registry.npmjs.org/espree 863ms (cache revalidated)
126 silly packumentCache full:https://registry.npmjs.org/espree set size:326080 disposed:false
127 silly fetch manifest @eslint/core@^0.17.0
128 silly packumentCache full:https://registry.npmjs.org/@eslint%2fcore cache-miss
129 http fetch GET 200 https://registry.npmjs.org/optionator 257ms (cache revalidated)
130 silly packumentCache full:https://registry.npmjs.org/optionator set size:49651 disposed:false
131 silly fetch manifest eslint-scope@^8.4.0
132 silly packumentCache full:https://registry.npmjs.org/eslint-scope cache-miss
133 http fetch GET 200 https://registry.npmjs.org/cross-spawn 246ms (cache revalidated)
134 silly packumentCache full:https://registry.npmjs.org/cross-spawn set size:109066 disposed:false
135 silly fetch manifest lodash.merge@^4.6.2
136 silly packumentCache full:https://registry.npmjs.org/lodash.merge cache-miss
137 http fetch GET 200 https://registry.npmjs.org/imurmurhash 238ms (cache revalidated)
138 silly packumentCache full:https://registry.npmjs.org/imurmurhash set size:35819 disposed:false
139 silly fetch manifest @humanfs/node@^0.16.6
140 silly packumentCache full:https://registry.npmjs.org/@humanfs%2fnode cache-miss
141 http fetch GET 200 https://registry.npmjs.org/csstype 1099ms (cache revalidated)
142 silly packumentCache full:https://registry.npmjs.org/csstype set size:274189 disposed:false
143 silly fetch manifest @types/estree@^1.0.6
144 silly packumentCache full:https://registry.npmjs.org/@types%2festree cache-miss
145 http fetch GET 200 https://registry.npmjs.org/debug 1123ms (cache revalidated)
146 silly packumentCache full:https://registry.npmjs.org/debug set size:195840 disposed:false
147 silly fetch manifest fast-deep-equal@^3.1.3
148 silly packumentCache full:https://registry.npmjs.org/fast-deep-equal cache-miss
149 http fetch GET 200 https://registry.npmjs.org/@eslint%2fcore 268ms (cache revalidated)
150 silly packumentCache full:https://registry.npmjs.org/@eslint%2fcore set size:58023 disposed:false
151 silly fetch manifest natural-compare@^1.4.0
152 silly packumentCache full:https://registry.npmjs.org/natural-compare cache-miss
153 http fetch GET 200 https://registry.npmjs.org/eslint-scope 246ms (cache revalidated)
154 silly packumentCache full:https://registry.npmjs.org/eslint-scope set size:98867 disposed:false
155 silly fetch manifest @eslint/eslintrc@^3.3.5
156 silly packumentCache full:https://registry.npmjs.org/@eslint%2feslintrc cache-miss
157 http fetch GET 200 https://registry.npmjs.org/@types%2festree 237ms (cache revalidated)
158 silly packumentCache full:https://registry.npmjs.org/@types%2festree set size:76072 disposed:false
159 silly fetch manifest file-entry-cache@^8.0.0
160 silly packumentCache full:https://registry.npmjs.org/file-entry-cache cache-miss
161 http fetch GET 200 https://registry.npmjs.org/@humanfs%2fnode 251ms (cache revalidated)
162 silly packumentCache full:https://registry.npmjs.org/@humanfs%2fnode set size:39629 disposed:false
163 silly fetch manifest @eslint/plugin-kit@^0.4.1
164 silly packumentCache full:https://registry.npmjs.org/@eslint%2fplugin-kit cache-miss
165 http fetch GET 200 https://registry.npmjs.org/chalk 1348ms (cache revalidated)
166 silly packumentCache full:https://registry.npmjs.org/chalk set size:117861 disposed:false
167 silly fetch manifest eslint-visitor-keys@^4.2.1
168 silly packumentCache full:https://registry.npmjs.org/eslint-visitor-keys cache-miss
169 http fetch GET 200 https://registry.npmjs.org/fast-deep-equal 228ms (cache revalidated)
170 silly packumentCache full:https://registry.npmjs.org/fast-deep-equal set size:48634 disposed:false
171 silly fetch manifest @eslint/config-array@^0.21.2
172 silly packumentCache full:https://registry.npmjs.org/@eslint%2fconfig-array cache-miss
173 http fetch GET 200 https://registry.npmjs.org/esquery 1369ms (cache revalidated)
174 silly packumentCache full:https://registry.npmjs.org/esquery set size:48888 disposed:false
175 silly fetch manifest @humanwhocodes/retry@^0.4.2
176 silly packumentCache full:https://registry.npmjs.org/@humanwhocodes%2fretry cache-miss
177 http fetch GET 200 https://registry.npmjs.org/@eslint%2feslintrc 235ms (cache revalidated)
178 silly packumentCache full:https://registry.npmjs.org/@eslint%2feslintrc set size:168674 disposed:false
179 silly fetch manifest escape-string-regexp@^4.0.0
180 silly packumentCache full:https://registry.npmjs.org/escape-string-regexp cache-miss
181 http fetch GET 200 https://registry.npmjs.org/is-glob 1430ms (cache revalidated)
182 silly packumentCache full:https://registry.npmjs.org/is-glob set size:40530 disposed:false
183 silly fetch manifest @eslint/config-helpers@^0.4.2
184 silly packumentCache full:https://registry.npmjs.org/@eslint%2fconfig-helpers cache-miss
185 http fetch GET 200 https://registry.npmjs.org/file-entry-cache 226ms (cache revalidated)
186 silly packumentCache full:https://registry.npmjs.org/file-entry-cache set size:154007 disposed:false
187 silly fetch manifest @eslint-community/regexpp@^4.12.1
188 silly packumentCache full:https://registry.npmjs.org/@eslint-community%2fregexpp cache-miss
189 http fetch GET 200 https://registry.npmjs.org/eslint-visitor-keys 227ms (cache revalidated)
190 silly packumentCache full:https://registry.npmjs.org/eslint-visitor-keys set size:69949 disposed:false
191 silly fetch manifest @eslint-community/eslint-utils@^4.8.0
192 silly packumentCache full:https://registry.npmjs.org/@eslint-community%2feslint-utils cache-miss
193 http fetch GET 200 https://registry.npmjs.org/@eslint%2fconfig-array 234ms (cache revalidated)
194 silly packumentCache full:https://registry.npmjs.org/@eslint%2fconfig-array set size:74140 disposed:false
195 silly fetch manifest @humanwhocodes/module-importer@^1.0.1
196 silly packumentCache full:https://registry.npmjs.org/@humanwhocodes%2fmodule-importer cache-miss
197 http fetch GET 200 https://registry.npmjs.org/glob-parent 770ms (cache revalidated)
198 silly packumentCache full:https://registry.npmjs.org/glob-parent set size:42445 disposed:false
199 silly fetch manifest json-stable-stringify-without-jsonify@^1.0.1
200 silly packumentCache full:https://registry.npmjs.org/json-stable-stringify-without-jsonify cache-miss
201 http fetch GET 200 https://registry.npmjs.org/@humanwhocodes%2fretry 233ms (cache revalidated)
202 silly packumentCache full:https://registry.npmjs.org/@humanwhocodes%2fretry set size:42348 disposed:false
203 silly fetch manifest eslint-plugin-react@^7.37.0
204 silly packumentCache full:https://registry.npmjs.org/eslint-plugin-react cache-miss
205 http fetch GET 200 https://registry.npmjs.org/escape-string-regexp 219ms (cache revalidated)
206 silly packumentCache full:https://registry.npmjs.org/escape-string-regexp set size:22244 disposed:false
207 silly fetch manifest eslint-plugin-import@^2.31.0
208 silly packumentCache full:https://registry.npmjs.org/eslint-plugin-import cache-miss
209 http fetch GET 200 https://registry.npmjs.org/@eslint%2fconfig-helpers 249ms (cache revalidated)
210 silly packumentCache full:https://registry.npmjs.org/@eslint%2fconfig-helpers set size:52610 disposed:false
211 silly fetch manifest eslint-plugin-jsx-a11y@^6.10.0
212 silly packumentCache full:https://registry.npmjs.org/eslint-plugin-jsx-a11y cache-miss
213 http fetch GET 200 https://registry.npmjs.org/esutils 1712ms (cache revalidated)
214 silly packumentCache full:https://registry.npmjs.org/esutils set size:29522 disposed:false
215 silly fetch manifest @rushstack/eslint-patch@^1.10.3
216 silly packumentCache full:https://registry.npmjs.org/@rushstack%2feslint-patch cache-miss
217 http fetch GET 200 https://registry.npmjs.org/@eslint-community%2fregexpp 244ms (cache revalidated)
218 silly packumentCache full:https://registry.npmjs.org/@eslint-community%2fregexpp set size:106609 disposed:false
219 silly fetch manifest @next/eslint-plugin-next@15.5.19
220 silly packumentCache full:https://registry.npmjs.org/@next%2feslint-plugin-next cache-miss
221 http fetch GET 200 https://registry.npmjs.org/@humanwhocodes%2fmodule-importer 237ms (cache revalidated)
222 silly packumentCache full:https://registry.npmjs.org/@humanwhocodes%2fmodule-importer set size:9516 disposed:false
223 silly fetch manifest @typescript-eslint/parser@^5.4.2 || ^6.0.0 || ^7.0.0 || ^8.0.0
224 silly packumentCache full:https://registry.npmjs.org/@typescript-eslint%2fparser cache-miss
225 http fetch GET 200 https://registry.npmjs.org/@eslint-community%2feslint-utils 252ms (cache revalidated)
226 silly packumentCache full:https://registry.npmjs.org/@eslint-community%2feslint-utils set size:93301 disposed:false
227 silly fetch manifest eslint-plugin-react-hooks@^5.0.0
228 silly packumentCache full:https://registry.npmjs.org/eslint-plugin-react-hooks cache-miss
229 http fetch GET 200 https://registry.npmjs.org/eslint-plugin-react 228ms (cache revalidated)
230 silly packumentCache full:https://registry.npmjs.org/eslint-plugin-react set size:646827 disposed:false
231 silly fetch manifest eslint-import-resolver-node@^0.3.6
232 silly packumentCache full:https://registry.npmjs.org/eslint-import-resolver-node cache-miss
233 http fetch GET 200 https://registry.npmjs.org/json-stable-stringify-without-jsonify 237ms (cache revalidated)
234 silly packumentCache full:https://registry.npmjs.org/json-stable-stringify-without-jsonify set size:5808 disposed:false
235 silly fetch manifest @typescript-eslint/eslint-plugin@^5.4.2 || ^6.0.0 || ^7.0.0 || ^8.0.0
236 silly packumentCache full:https://registry.npmjs.org/@typescript-eslint%2feslint-plugin cache-miss
237 http fetch GET 200 https://registry.npmjs.org/natural-compare 732ms (cache revalidated)
238 silly packumentCache full:https://registry.npmjs.org/natural-compare set size:7852 disposed:false
239 silly fetch manifest eslint-import-resolver-typescript@^3.5.2
240 silly packumentCache full:https://registry.npmjs.org/eslint-import-resolver-typescript cache-miss
241 http fetch GET 200 https://registry.npmjs.org/eslint-plugin-jsx-a11y 238ms (cache revalidated)
242 silly packumentCache full:https://registry.npmjs.org/eslint-plugin-jsx-a11y set size:280052 disposed:false
243 silly fetch manifest postcss@8.4.31
244 silly packumentCache full:https://registry.npmjs.org/postcss cache-miss
245 http fetch GET 200 https://registry.npmjs.org/@rushstack%2feslint-patch 240ms (cache revalidated)
246 silly packumentCache full:https://registry.npmjs.org/@rushstack%2feslint-patch set size:114289 disposed:false
247 silly fetch manifest @next/env@15.5.19
248 silly packumentCache full:https://registry.npmjs.org/@next%2fenv cache-miss
249 http fetch GET 200 https://registry.npmjs.org/@eslint%2fplugin-kit 709ms (cache revalidated)
250 silly packumentCache full:https://registry.npmjs.org/@eslint%2fplugin-kit set size:76057 disposed:false
251 silly fetch manifest styled-jsx@5.1.6
252 silly packumentCache full:https://registry.npmjs.org/styled-jsx cache-miss
253 http fetch GET 200 https://registry.npmjs.org/eslint-import-resolver-node 223ms (cache revalidated)
254 silly packumentCache full:https://registry.npmjs.org/eslint-import-resolver-node set size:39118 disposed:false
255 silly fetch manifest @swc/helpers@0.5.15
256 silly packumentCache full:https://registry.npmjs.org/@swc%2fhelpers cache-miss
257 http fetch GET 200 https://registry.npmjs.org/@next%2feslint-plugin-next 258ms (cache revalidated)
258 silly packumentCache full:https://registry.npmjs.org/@next%2feslint-plugin-next set size:6857052 disposed:false
259 silly fetch manifest caniuse-lite@^1.0.30001579
260 silly packumentCache full:https://registry.npmjs.org/caniuse-lite cache-miss
261 http fetch GET 200 https://registry.npmjs.org/eslint-import-resolver-typescript 239ms (cache revalidated)
262 silly packumentCache full:https://registry.npmjs.org/eslint-import-resolver-typescript set size:337167 disposed:false
263 silly fetch manifest sharp@^0.34.3
264 silly packumentCache full:https://registry.npmjs.org/sharp cache-miss
265 http fetch GET 200 https://registry.npmjs.org/@typescript-eslint%2feslint-plugin 298ms (cache revalidated)
266 silly packumentCache full:https://registry.npmjs.org/@typescript-eslint%2feslint-plugin set size:18088485 disposed:false
267 silly fetch manifest @next/swc-darwin-x64@15.5.19
268 silly packumentCache full:https://registry.npmjs.org/@next%2fswc-darwin-x64 cache-miss
269 http fetch GET 200 https://registry.npmjs.org/postcss 300ms (cache revalidated)
270 silly packumentCache full:https://registry.npmjs.org/postcss set size:723316 disposed:false
271 silly fetch manifest @next/swc-darwin-arm64@15.5.19
272 silly packumentCache full:https://registry.npmjs.org/@next%2fswc-darwin-arm64 cache-miss
273 http fetch GET 200 https://registry.npmjs.org/lodash.merge 1193ms (cache revalidated)
274 silly packumentCache full:https://registry.npmjs.org/lodash.merge set size:78575 disposed:false
275 silly fetch manifest @next/swc-linux-x64-gnu@15.5.19
276 silly packumentCache full:https://registry.npmjs.org/@next%2fswc-linux-x64-gnu cache-miss
277 http fetch GET 200 https://registry.npmjs.org/@next%2fenv 291ms (cache revalidated)
278 silly packumentCache full:https://registry.npmjs.org/@next%2fenv set size:7341185 disposed:false
279 silly fetch manifest @next/swc-linux-x64-musl@15.5.19
280 silly packumentCache full:https://registry.npmjs.org/@next%2fswc-linux-x64-musl cache-miss
281 http fetch GET 200 https://registry.npmjs.org/eslint-plugin-import 658ms (cache revalidated)
282 silly packumentCache full:https://registry.npmjs.org/eslint-plugin-import set size:484928 disposed:false
283 silly fetch manifest @next/swc-win32-x64-msvc@15.5.19
284 silly packumentCache full:https://registry.npmjs.org/@next%2fswc-win32-x64-msvc cache-miss
285 http fetch GET 200 https://registry.npmjs.org/styled-jsx 237ms (cache revalidated)
286 silly packumentCache full:https://registry.npmjs.org/styled-jsx set size:436113 disposed:false
287 silly fetch manifest @next/swc-linux-arm64-gnu@15.5.19
288 silly packumentCache full:https://registry.npmjs.org/@next%2fswc-linux-arm64-gnu cache-miss
289 http fetch GET 200 https://registry.npmjs.org/caniuse-lite 344ms (cache revalidated)
290 silly packumentCache full:https://registry.npmjs.org/caniuse-lite set size:2297040 disposed:false
291 silly fetch manifest @next/swc-linux-arm64-musl@15.5.19
292 silly packumentCache full:https://registry.npmjs.org/@next%2fswc-linux-arm64-musl cache-miss
293 http fetch GET 200 https://registry.npmjs.org/@swc%2fhelpers 404ms (cache revalidated)
294 silly packumentCache full:https://registry.npmjs.org/@swc%2fhelpers set size:775458 disposed:false
295 silly fetch manifest @next/swc-win32-arm64-msvc@15.5.19
296 silly packumentCache full:https://registry.npmjs.org/@next%2fswc-win32-arm64-msvc cache-miss
297 http fetch GET 200 https://registry.npmjs.org/sharp 395ms (cache revalidated)
298 silly packumentCache full:https://registry.npmjs.org/sharp set size:1139838 disposed:false
299 silly fetch manifest scheduler@^0.27.0
300 silly packumentCache full:https://registry.npmjs.org/scheduler cache-miss
301 http fetch GET 200 https://registry.npmjs.org/@next%2fswc-linux-x64-gnu 299ms (cache revalidated)
302 silly packumentCache full:https://registry.npmjs.org/@next%2fswc-linux-x64-gnu set size:5379252 disposed:false
303 http fetch GET 200 https://registry.npmjs.org/@next%2fswc-win32-x64-msvc 295ms (cache revalidated)
304 silly packumentCache full:https://registry.npmjs.org/@next%2fswc-win32-x64-msvc set size:5350842 disposed:false
305 http fetch GET 200 https://registry.npmjs.org/@next%2fswc-darwin-x64 395ms (cache revalidated)
306 silly packumentCache full:https://registry.npmjs.org/@next%2fswc-darwin-x64 set size:5271601 disposed:false
307 http fetch GET 200 https://registry.npmjs.org/eslint-plugin-react-hooks 810ms (cache revalidated)
308 silly packumentCache full:https://registry.npmjs.org/eslint-plugin-react-hooks set size:7447454 disposed:false
309 http fetch GET 200 https://registry.npmjs.org/@next%2fswc-win32-arm64-msvc 244ms (cache revalidated)
310 silly packumentCache full:https://registry.npmjs.org/@next%2fswc-win32-arm64-msvc set size:5164465 disposed:false
311 http fetch GET 200 https://registry.npmjs.org/@next%2fswc-linux-arm64-musl 309ms (cache revalidated)
312 silly packumentCache full:https://registry.npmjs.org/@next%2fswc-linux-arm64-musl set size:5200921 disposed:false
313 http fetch GET 200 https://registry.npmjs.org/@next%2fswc-linux-arm64-gnu 710ms (cache revalidated)
314 silly packumentCache full:https://registry.npmjs.org/@next%2fswc-linux-arm64-gnu set size:5182769 disposed:false
315 http fetch GET 200 https://registry.npmjs.org/@next%2fswc-linux-x64-musl 790ms (cache revalidated)
316 silly packumentCache full:https://registry.npmjs.org/@next%2fswc-linux-x64-musl set size:5135195 disposed:false
317 http fetch GET 200 https://registry.npmjs.org/@next%2fswc-darwin-arm64 1259ms (cache revalidated)
318 silly packumentCache full:https://registry.npmjs.org/@next%2fswc-darwin-arm64 set size:5329099 disposed:false
319 http fetch GET 200 https://registry.npmjs.org/scheduler 8083ms (cache miss)
320 silly packumentCache full:https://registry.npmjs.org/scheduler set size:undefined disposed:false
321 http fetch GET 200 https://registry.npmjs.org/@typescript-eslint%2fparser 15977ms (cache miss)
322 silly packumentCache full:https://registry.npmjs.org/@typescript-eslint%2fparser set size:undefined disposed:false
323 silly placeDep ROOT undici-types@6.21.0 OK for: @types/node@22.19.21 want: ~6.21.0
324 silly placeDep ROOT csstype@3.2.3 OK for: @types/react@19.2.17 want: ^3.2.2
325 silly fetch manifest eslint@^6.0.0 || ^7.0.0 || >=8.0.0
326 silly packumentCache full:https://registry.npmjs.org/eslint cache-miss
327 http fetch GET 200 https://registry.npmjs.org/eslint 679ms (cache revalidated)
328 silly packumentCache full:https://registry.npmjs.org/eslint set size:2011545 disposed:false
329 silly placeDep ROOT @eslint-community/eslint-utils@4.9.1 OK for: eslint@9.39.4 want: ^4.8.0
330 silly placeDep ROOT @eslint-community/regexpp@4.12.2 OK for: eslint@9.39.4 want: ^4.12.1
331 silly placeDep ROOT @eslint/config-array@0.21.2 OK for: eslint@9.39.4 want: ^0.21.2
332 silly placeDep ROOT @eslint/config-helpers@0.4.2 OK for: eslint@9.39.4 want: ^0.4.2
333 silly placeDep ROOT @eslint/core@0.17.0 OK for: eslint@9.39.4 want: ^0.17.0
334 silly placeDep ROOT @eslint/eslintrc@3.3.5 OK for: eslint@9.39.4 want: ^3.3.5
335 silly placeDep ROOT @eslint/js@9.39.4 OK for: eslint@9.39.4 want: 9.39.4
336 silly placeDep ROOT @eslint/plugin-kit@0.4.1 OK for: eslint@9.39.4 want: ^0.4.1
337 silly placeDep ROOT @humanfs/node@0.16.8 OK for: eslint@9.39.4 want: ^0.16.6
338 silly placeDep ROOT @humanwhocodes/module-importer@1.0.1 OK for: eslint@9.39.4 want: ^1.0.1
339 silly placeDep ROOT @humanwhocodes/retry@0.4.3 OK for: eslint@9.39.4 want: ^0.4.2
340 silly placeDep ROOT @types/estree@1.0.9 OK for: eslint@9.39.4 want: ^1.0.6
341 silly placeDep ROOT ajv@6.15.0 OK for: eslint@9.39.4 want: ^6.14.0
342 silly placeDep ROOT chalk@4.1.2 OK for: eslint@9.39.4 want: ^4.0.0
343 silly placeDep ROOT cross-spawn@7.0.6 OK for: eslint@9.39.4 want: ^7.0.6
344 silly placeDep ROOT debug@4.4.3 OK for: eslint@9.39.4 want: ^4.3.2
345 silly placeDep ROOT escape-string-regexp@4.0.0 OK for: eslint@9.39.4 want: ^4.0.0
346 silly placeDep ROOT eslint-scope@8.4.0 OK for: eslint@9.39.4 want: ^8.4.0
347 silly placeDep ROOT eslint-visitor-keys@4.2.1 OK for: eslint@9.39.4 want: ^4.2.1
348 silly placeDep ROOT espree@10.4.0 OK for: eslint@9.39.4 want: ^10.4.0
349 silly placeDep ROOT esquery@1.7.0 OK for: eslint@9.39.4 want: ^1.5.0
350 silly placeDep ROOT esutils@2.0.3 OK for: eslint@9.39.4 want: ^2.0.2
351 silly placeDep ROOT fast-deep-equal@3.1.3 OK for: eslint@9.39.4 want: ^3.1.3
352 silly placeDep ROOT file-entry-cache@8.0.0 OK for: eslint@9.39.4 want: ^8.0.0
353 silly placeDep ROOT find-up@5.0.0 OK for: eslint@9.39.4 want: ^5.0.0
354 silly placeDep ROOT glob-parent@6.0.2 OK for: eslint@9.39.4 want: ^6.0.2
355 silly placeDep ROOT ignore@5.3.2 OK for: eslint@9.39.4 want: ^5.2.0
356 silly placeDep ROOT imurmurhash@0.1.4 OK for: eslint@9.39.4 want: ^0.1.4
357 silly placeDep ROOT is-glob@4.0.3 OK for: eslint@9.39.4 want: ^4.0.0
358 silly placeDep ROOT json-stable-stringify-without-jsonify@1.0.1 OK for: eslint@9.39.4 want: ^1.0.1
359 silly placeDep ROOT lodash.merge@4.6.2 OK for: eslint@9.39.4 want: ^4.6.2
360 silly placeDep ROOT minimatch@3.1.5 OK for: eslint@9.39.4 want: ^3.1.5
361 silly placeDep ROOT natural-compare@1.4.0 OK for: eslint@9.39.4 want: ^1.4.0
362 silly placeDep ROOT optionator@0.9.4 OK for: eslint@9.39.4 want: ^0.9.3
363 silly fetch manifest eslint-visitor-keys@^3.4.3
364 silly packumentCache full:https://registry.npmjs.org/eslint-visitor-keys cache-hit
365 silly fetch manifest debug@^4.3.1
366 silly packumentCache full:https://registry.npmjs.org/debug cache-hit
367 silly fetch manifest @eslint/object-schema@^2.1.7
368 silly packumentCache full:https://registry.npmjs.org/@eslint%2fobject-schema cache-miss
369 silly fetch manifest @types/json-schema@^7.0.15
370 silly packumentCache full:https://registry.npmjs.org/@types%2fjson-schema cache-miss
371 silly fetch manifest espree@^10.0.1
372 silly packumentCache full:https://registry.npmjs.org/espree cache-hit
373 silly fetch manifest globals@^14.0.0
374 silly packumentCache full:https://registry.npmjs.org/globals cache-miss
375 silly fetch manifest import-fresh@^3.2.1
376 silly packumentCache full:https://registry.npmjs.org/import-fresh cache-miss
377 silly fetch manifest js-yaml@^4.1.1
378 silly packumentCache full:https://registry.npmjs.org/js-yaml cache-miss
379 silly fetch manifest strip-json-comments@^3.1.1
380 silly packumentCache full:https://registry.npmjs.org/strip-json-comments cache-miss
381 silly fetch manifest levn@^0.4.1
382 silly packumentCache full:https://registry.npmjs.org/levn cache-miss
383 silly fetch manifest @humanwhocodes/retry@^0.4.0
384 silly packumentCache full:https://registry.npmjs.org/@humanwhocodes%2fretry cache-hit
385 silly fetch manifest @humanfs/core@^0.19.2
386 silly packumentCache full:https://registry.npmjs.org/@humanfs%2fcore cache-miss
387 silly fetch manifest @humanfs/types@^0.15.0
388 silly packumentCache full:https://registry.npmjs.org/@humanfs%2ftypes cache-miss
389 silly fetch manifest uri-js@^4.2.2
390 silly packumentCache full:https://registry.npmjs.org/uri-js cache-miss
391 silly fetch manifest fast-deep-equal@^3.1.1
392 silly packumentCache full:https://registry.npmjs.org/fast-deep-equal cache-hit
393 silly fetch manifest json-schema-traverse@^0.4.1
394 silly packumentCache full:https://registry.npmjs.org/json-schema-traverse cache-miss
395 http fetch GET 200 https://registry.npmjs.org/json-schema-traverse 237ms (cache miss)
396 silly packumentCache full:https://registry.npmjs.org/json-schema-traverse set size:undefined disposed:false
397 silly fetch manifest fast-json-stable-stringify@^2.0.0
398 silly packumentCache full:https://registry.npmjs.org/fast-json-stable-stringify cache-miss
399 http fetch GET 200 https://registry.npmjs.org/levn 245ms (cache miss)
400 silly packumentCache full:https://registry.npmjs.org/levn set size:undefined disposed:false
401 silly fetch manifest ansi-styles@^4.1.0
402 silly packumentCache full:https://registry.npmjs.org/ansi-styles cache-miss
403 http fetch GET 200 https://registry.npmjs.org/@humanfs%2ftypes 264ms (cache miss)
404 silly packumentCache full:https://registry.npmjs.org/@humanfs%2ftypes set size:undefined disposed:false
405 silly fetch manifest supports-color@^7.1.0
406 silly packumentCache full:https://registry.npmjs.org/supports-color cache-miss
407 http fetch GET 200 https://registry.npmjs.org/@humanfs%2fcore 271ms (cache miss)
408 silly packumentCache full:https://registry.npmjs.org/@humanfs%2fcore set size:undefined disposed:false
409 silly fetch manifest which@^2.0.1
410 silly packumentCache full:https://registry.npmjs.org/which cache-miss
411 http fetch GET 200 https://registry.npmjs.org/fast-json-stable-stringify 217ms (cache miss)
412 silly packumentCache full:https://registry.npmjs.org/fast-json-stable-stringify set size:undefined disposed:false
413 silly fetch manifest path-key@^3.1.0
414 silly packumentCache full:https://registry.npmjs.org/path-key cache-miss
415 http fetch GET 200 https://registry.npmjs.org/import-fresh 477ms (cache miss)
416 silly packumentCache full:https://registry.npmjs.org/import-fresh set size:undefined disposed:false
417 silly fetch manifest shebang-command@^2.0.0
418 silly packumentCache full:https://registry.npmjs.org/shebang-command cache-miss
419 http fetch GET 200 https://registry.npmjs.org/@types%2fjson-schema 486ms (cache miss)
420 silly packumentCache full:https://registry.npmjs.org/@types%2fjson-schema set size:undefined disposed:false
421 silly fetch manifest ms@^2.1.3
422 silly packumentCache full:https://registry.npmjs.org/ms cache-miss
423 http fetch GET 200 https://registry.npmjs.org/uri-js 498ms (cache miss)
424 silly packumentCache full:https://registry.npmjs.org/uri-js set size:undefined disposed:false
425 silly fetch manifest esrecurse@^4.3.0
426 silly packumentCache full:https://registry.npmjs.org/esrecurse cache-miss
427 http fetch GET 200 https://registry.npmjs.org/ansi-styles 445ms (cache miss)
428 silly packumentCache full:https://registry.npmjs.org/ansi-styles set size:undefined disposed:false
429 silly fetch manifest estraverse@^5.2.0
430 silly packumentCache full:https://registry.npmjs.org/estraverse cache-miss
431 http fetch GET 200 https://registry.npmjs.org/js-yaml 700ms (cache miss)
432 silly packumentCache full:https://registry.npmjs.org/js-yaml set size:undefined disposed:false
433 silly fetch manifest acorn@^8.15.0
434 silly packumentCache full:https://registry.npmjs.org/acorn cache-miss
435 http fetch GET 200 https://registry.npmjs.org/esrecurse 472ms (cache miss)
436 silly packumentCache full:https://registry.npmjs.org/esrecurse set size:undefined disposed:false
437 silly fetch manifest acorn-jsx@^5.3.2
438 silly packumentCache full:https://registry.npmjs.org/acorn-jsx cache-miss
439 http fetch GET 200 https://registry.npmjs.org/which 725ms (cache miss)
440 silly packumentCache full:https://registry.npmjs.org/which set size:undefined disposed:false
441 silly fetch manifest estraverse@^5.1.0
442 silly packumentCache full:https://registry.npmjs.org/estraverse cache-miss
443 http fetch GET 200 https://registry.npmjs.org/ms 635ms (cache miss)
444 silly packumentCache full:https://registry.npmjs.org/ms set size:undefined disposed:false
445 silly fetch manifest flat-cache@^4.0.0
446 silly packumentCache full:https://registry.npmjs.org/flat-cache cache-miss
447 http fetch GET 200 https://registry.npmjs.org/estraverse 437ms (cache miss)
448 silly packumentCache full:https://registry.npmjs.org/estraverse set size:undefined disposed:false
449 silly fetch manifest locate-path@^6.0.0
450 silly packumentCache full:https://registry.npmjs.org/locate-path cache-miss
451 http fetch GET 200 https://registry.npmjs.org/shebang-command 663ms (cache miss)
452 silly packumentCache full:https://registry.npmjs.org/shebang-command set size:undefined disposed:false
453 silly fetch manifest path-exists@^4.0.0
454 silly packumentCache full:https://registry.npmjs.org/path-exists cache-miss
455 http fetch GET 200 https://registry.npmjs.org/acorn 555ms (cache miss)
456 silly packumentCache full:https://registry.npmjs.org/acorn set size:undefined disposed:false
457 silly fetch manifest is-glob@^4.0.3
458 silly packumentCache full:https://registry.npmjs.org/is-glob cache-hit
459 silly fetch manifest is-extglob@^2.1.1
460 silly packumentCache full:https://registry.npmjs.org/is-extglob cache-miss
461 http fetch GET 200 https://registry.npmjs.org/path-exists 469ms (cache miss)
462 silly packumentCache full:https://registry.npmjs.org/path-exists set size:undefined disposed:false
463 silly fetch manifest brace-expansion@^1.1.7
464 silly packumentCache full:https://registry.npmjs.org/brace-expansion cache-miss
465 http fetch GET 200 https://registry.npmjs.org/locate-path 487ms (cache miss)
466 silly packumentCache full:https://registry.npmjs.org/locate-path set size:undefined disposed:false
467 silly fetch manifest prelude-ls@^1.2.1
468 silly packumentCache full:https://registry.npmjs.org/prelude-ls cache-miss
469 http fetch GET 200 https://registry.npmjs.org/acorn-jsx 746ms (cache miss)
470 silly packumentCache full:https://registry.npmjs.org/acorn-jsx set size:undefined disposed:false
471 silly fetch manifest deep-is@^0.1.3
472 silly packumentCache full:https://registry.npmjs.org/deep-is cache-miss
473 http fetch GET 200 https://registry.npmjs.org/estraverse 730ms (cache miss)
474 silly packumentCache full:https://registry.npmjs.org/estraverse set size:undefined disposed:false
475 silly fetch manifest word-wrap@^1.2.5
476 silly packumentCache full:https://registry.npmjs.org/word-wrap cache-miss
477 http fetch GET 200 https://registry.npmjs.org/supports-color 1467ms (cache miss)
478 silly packumentCache full:https://registry.npmjs.org/supports-color set size:undefined disposed:false
479 silly fetch manifest type-check@^0.4.0
480 silly packumentCache full:https://registry.npmjs.org/type-check cache-miss
481 http fetch GET 200 https://registry.npmjs.org/flat-cache 643ms (cache miss)
482 silly packumentCache full:https://registry.npmjs.org/flat-cache set size:undefined disposed:false
483 silly fetch manifest fast-levenshtein@^2.0.6
484 silly packumentCache full:https://registry.npmjs.org/fast-levenshtein cache-miss
485 http fetch GET 200 https://registry.npmjs.org/strip-json-comments 2049ms (cache miss)
486 silly packumentCache full:https://registry.npmjs.org/strip-json-comments set size:undefined disposed:false
487 http fetch GET 200 https://registry.npmjs.org/prelude-ls 431ms (cache miss)
488 silly packumentCache full:https://registry.npmjs.org/prelude-ls set size:undefined disposed:false
489 http fetch GET 200 https://registry.npmjs.org/is-extglob 894ms (cache miss)
490 silly packumentCache full:https://registry.npmjs.org/is-extglob set size:undefined disposed:false
491 http fetch GET 200 https://registry.npmjs.org/path-key 1748ms (cache miss)
492 silly packumentCache full:https://registry.npmjs.org/path-key set size:undefined disposed:false
493 http fetch GET 200 https://registry.npmjs.org/globals 2253ms (cache miss)
494 silly packumentCache full:https://registry.npmjs.org/globals set size:undefined disposed:false
495 http fetch GET 200 https://registry.npmjs.org/word-wrap 544ms (cache miss)
496 silly packumentCache full:https://registry.npmjs.org/word-wrap set size:undefined disposed:false
497 http fetch GET 200 https://registry.npmjs.org/brace-expansion 1045ms (cache miss)
498 silly packumentCache full:https://registry.npmjs.org/brace-expansion set size:undefined disposed:false
499 http fetch GET 200 https://registry.npmjs.org/deep-is 945ms (cache miss)
500 silly packumentCache full:https://registry.npmjs.org/deep-is set size:undefined disposed:false
501 http fetch GET 200 https://registry.npmjs.org/fast-levenshtein 1213ms (cache miss)
502 silly packumentCache full:https://registry.npmjs.org/fast-levenshtein set size:undefined disposed:false
503 http fetch GET 200 https://registry.npmjs.org/type-check 2027ms (cache miss)
504 silly packumentCache full:https://registry.npmjs.org/type-check set size:undefined disposed:false
505 http fetch GET 200 https://registry.npmjs.org/@eslint%2fobject-schema 3791ms (cache miss)
506 silly packumentCache full:https://registry.npmjs.org/@eslint%2fobject-schema set size:undefined disposed:false
507 silly placeDep node_modules/@eslint-community/eslint-utils eslint-visitor-keys@3.4.3 OK for: @eslint-community/eslint-utils@4.9.1 want: ^3.4.3
508 silly placeDep ROOT @eslint/object-schema@2.1.7 OK for: @eslint/config-array@0.21.2 want: ^2.1.7
509 silly placeDep ROOT @types/json-schema@7.0.15 OK for: @eslint/core@0.17.0 want: ^7.0.15
510 silly placeDep ROOT globals@14.0.0 OK for: @eslint/eslintrc@3.3.5 want: ^14.0.0
511 silly placeDep ROOT import-fresh@3.3.1 OK for: @eslint/eslintrc@3.3.5 want: ^3.2.1
512 silly placeDep ROOT js-yaml@4.2.0 OK for: @eslint/eslintrc@3.3.5 want: ^4.1.1
513 silly placeDep ROOT strip-json-comments@3.1.1 OK for: @eslint/eslintrc@3.3.5 want: ^3.1.1
514 silly fetch manifest resolve-from@^4.0.0
515 silly packumentCache full:https://registry.npmjs.org/resolve-from cache-miss
516 silly fetch manifest parent-module@^1.0.0
517 silly packumentCache full:https://registry.npmjs.org/parent-module cache-miss
518 silly fetch manifest argparse@^2.0.1
519 silly packumentCache full:https://registry.npmjs.org/argparse cache-miss
520 http fetch GET 200 https://registry.npmjs.org/parent-module 296ms (cache miss)
521 silly packumentCache full:https://registry.npmjs.org/parent-module set size:undefined disposed:false
522 http fetch GET 200 https://registry.npmjs.org/resolve-from 479ms (cache miss)
523 silly packumentCache full:https://registry.npmjs.org/resolve-from set size:undefined disposed:false
524 http fetch GET 200 https://registry.npmjs.org/argparse 1099ms (cache miss)
525 silly packumentCache full:https://registry.npmjs.org/argparse set size:undefined disposed:false
526 silly placeDep ROOT levn@0.4.1 OK for: @eslint/plugin-kit@0.4.1 want: ^0.4.1
527 silly fetch manifest type-check@~0.4.0
528 silly packumentCache full:https://registry.npmjs.org/type-check cache-miss
529 http fetch GET 200 https://registry.npmjs.org/type-check 220ms (cache revalidated)
530 silly packumentCache full:https://registry.npmjs.org/type-check set size:21221 disposed:false
531 silly placeDep ROOT @humanfs/core@0.19.2 OK for: @humanfs/node@0.16.8 want: ^0.19.2
532 silly placeDep ROOT @humanfs/types@0.15.0 OK for: @humanfs/node@0.16.8 want: ^0.15.0
533 silly placeDep ROOT fast-json-stable-stringify@2.1.0 OK for: ajv@6.15.0 want: ^2.0.0
534 silly placeDep ROOT json-schema-traverse@0.4.1 OK for: ajv@6.15.0 want: ^0.4.1
535 silly placeDep ROOT uri-js@4.4.1 OK for: ajv@6.15.0 want: ^4.2.2
536 silly fetch manifest punycode@^2.1.0
537 silly packumentCache full:https://registry.npmjs.org/punycode cache-miss
538 http fetch GET 200 https://registry.npmjs.org/punycode 525ms (cache miss)
539 silly packumentCache full:https://registry.npmjs.org/punycode set size:undefined disposed:false
540 silly placeDep ROOT ansi-styles@4.3.0 OK for: chalk@4.1.2 want: ^4.1.0
541 silly placeDep ROOT supports-color@7.2.0 OK for: chalk@4.1.2 want: ^7.1.0
542 silly fetch manifest color-convert@^2.0.1
543 silly packumentCache full:https://registry.npmjs.org/color-convert cache-miss
544 silly fetch manifest has-flag@^4.0.0
545 silly packumentCache full:https://registry.npmjs.org/has-flag cache-miss
546 http fetch GET 200 https://registry.npmjs.org/has-flag 340ms (cache miss)
547 silly packumentCache full:https://registry.npmjs.org/has-flag set size:undefined disposed:false
548 http fetch GET 200 https://registry.npmjs.org/color-convert 1105ms (cache miss)
549 silly packumentCache full:https://registry.npmjs.org/color-convert set size:undefined disposed:false
550 silly placeDep ROOT color-convert@2.0.1 OK for: ansi-styles@4.3.0 want: ^2.0.1
551 silly fetch manifest color-name@~1.1.4
552 silly packumentCache full:https://registry.npmjs.org/color-name cache-miss
553 http fetch GET 200 https://registry.npmjs.org/color-name 1257ms (cache miss)
554 silly packumentCache full:https://registry.npmjs.org/color-name set size:undefined disposed:false
555 silly placeDep ROOT color-name@1.1.4 OK for: color-convert@2.0.1 want: ~1.1.4
556 silly placeDep ROOT path-key@3.1.1 OK for: cross-spawn@7.0.6 want: ^3.1.0
557 silly placeDep ROOT shebang-command@2.0.0 OK for: cross-spawn@7.0.6 want: ^2.0.0
558 silly placeDep ROOT which@2.0.2 OK for: cross-spawn@7.0.6 want: ^2.0.1
559 silly fetch manifest shebang-regex@^3.0.0
560 silly packumentCache full:https://registry.npmjs.org/shebang-regex cache-miss
561 silly fetch manifest isexe@^2.0.0
562 silly packumentCache full:https://registry.npmjs.org/isexe cache-miss
563 http fetch GET 200 https://registry.npmjs.org/shebang-regex 260ms (cache miss)
564 silly packumentCache full:https://registry.npmjs.org/shebang-regex set size:undefined disposed:false
565 http fetch GET 200 https://registry.npmjs.org/isexe 527ms (cache miss)
566 silly packumentCache full:https://registry.npmjs.org/isexe set size:undefined disposed:false
567 silly placeDep ROOT ms@2.1.3 OK for: debug@4.4.3 want: ^2.1.3
568 silly fetch manifest eslint@^7.23.0 || ^8.0.0 || ^9.0.0
569 silly packumentCache full:https://registry.npmjs.org/eslint cache-miss
570 http fetch GET 200 https://registry.npmjs.org/eslint 222ms (cache revalidated)
571 silly packumentCache full:https://registry.npmjs.org/eslint set size:2011545 disposed:false
572 silly fetch manifest typescript@>=3.3.1
573 silly packumentCache full:https://registry.npmjs.org/typescript cache-miss
574 http fetch GET 200 https://registry.npmjs.org/typescript 261ms (cache revalidated)
575 silly packumentCache full:https://registry.npmjs.org/typescript set size:15410026 disposed:false
576 silly fetch manifest eslint-plugin-import-x@*
577 silly packumentCache full:https://registry.npmjs.org/eslint-plugin-import-x cache-miss
578 http fetch GET 200 https://registry.npmjs.org/eslint-plugin-import-x 757ms (cache miss)
579 silly packumentCache full:https://registry.npmjs.org/eslint-plugin-import-x set size:undefined disposed:false
580 silly fetch manifest @typescript-eslint/utils@^8.56.0
581 silly packumentCache full:https://registry.npmjs.org/@typescript-eslint%2futils cache-miss
582 http fetch GET 200 https://registry.npmjs.org/@typescript-eslint%2futils 7222ms (cache miss)
583 silly packumentCache full:https://registry.npmjs.org/@typescript-eslint%2futils set size:undefined disposed:false
584 silly placeDep ROOT @next/eslint-plugin-next@15.5.19 OK for: eslint-config-next@15.5.19 want: 15.5.19
585 silly placeDep ROOT @rushstack/eslint-patch@1.16.1 OK for: eslint-config-next@15.5.19 want: ^1.10.3
586 silly placeDep ROOT @typescript-eslint/eslint-plugin@8.61.1 OK for: eslint-config-next@15.5.19 want: ^5.4.2 || ^6.0.0 || ^7.0.0 || ^8.0.0
587 silly placeDep ROOT @typescript-eslint/parser@8.61.1 OK for: @typescript-eslint/eslint-plugin@8.61.1 want: ^8.61.1
588 silly placeDep ROOT eslint-import-resolver-node@0.3.10 OK for: eslint-config-next@15.5.19 want: ^0.3.6
589 silly placeDep ROOT eslint-import-resolver-typescript@3.10.1 OK for: eslint-config-next@15.5.19 want: ^3.5.2
590 silly placeDep ROOT eslint-plugin-import@2.32.0 OK for: eslint-config-next@15.5.19 want: ^2.31.0
591 silly placeDep ROOT eslint-plugin-jsx-a11y@6.10.2 OK for: eslint-config-next@15.5.19 want: ^6.10.0
592 silly placeDep ROOT eslint-plugin-react@7.37.5 OK for: eslint-config-next@15.5.19 want: ^7.37.0
593 silly placeDep ROOT eslint-plugin-react-hooks@5.2.0 OK for: eslint-config-next@15.5.19 want: ^5.0.0
594 silly fetch manifest fast-glob@3.3.1
595 silly packumentCache full:https://registry.npmjs.org/fast-glob cache-miss
596 silly fetch manifest ignore@^7.0.5
597 silly packumentCache full:https://registry.npmjs.org/ignore cache-hit
598 silly fetch manifest ts-api-utils@^2.5.0
599 silly packumentCache full:https://registry.npmjs.org/ts-api-utils cache-miss
600 silly fetch manifest @typescript-eslint/utils@8.61.1
601 silly packumentCache full:https://registry.npmjs.org/@typescript-eslint%2futils cache-miss
602 silly fetch manifest @typescript-eslint/type-utils@8.61.1
603 silly packumentCache full:https://registry.npmjs.org/@typescript-eslint%2ftype-utils cache-miss
604 silly fetch manifest @typescript-eslint/visitor-keys@8.61.1
605 silly packumentCache full:https://registry.npmjs.org/@typescript-eslint%2fvisitor-keys cache-miss
606 silly fetch manifest @typescript-eslint/scope-manager@8.61.1
607 silly packumentCache full:https://registry.npmjs.org/@typescript-eslint%2fscope-manager cache-miss
608 silly fetch manifest @typescript-eslint/types@8.61.1
609 silly packumentCache full:https://registry.npmjs.org/@typescript-eslint%2ftypes cache-miss
610 silly fetch manifest @typescript-eslint/visitor-keys@8.61.1
611 silly packumentCache full:https://registry.npmjs.org/@typescript-eslint%2fvisitor-keys cache-miss
612 silly fetch manifest @typescript-eslint/scope-manager@8.61.1
613 silly packumentCache full:https://registry.npmjs.org/@typescript-eslint%2fscope-manager cache-miss
614 silly fetch manifest @typescript-eslint/typescript-estree@8.61.1
615 silly packumentCache full:https://registry.npmjs.org/@typescript-eslint%2ftypescript-estree cache-miss
616 silly fetch manifest debug@^3.2.7
617 silly packumentCache full:https://registry.npmjs.org/debug cache-hit
618 silly fetch manifest resolve@^2.0.0-next.6
619 silly packumentCache full:https://registry.npmjs.org/resolve cache-miss
620 http fetch GET 200 https://registry.npmjs.org/@typescript-eslint%2futils 270ms (cache revalidated)
621 silly packumentCache full:https://registry.npmjs.org/@typescript-eslint%2futils set size:10281719 disposed:false
622 silly fetch manifest is-core-module@^2.16.1
623 silly packumentCache full:https://registry.npmjs.org/is-core-module cache-miss
624 http fetch GET 200 https://registry.npmjs.org/resolve 542ms (cache miss)
625 silly packumentCache full:https://registry.npmjs.org/resolve set size:undefined disposed:false
626 silly fetch manifest tinyglobby@^0.2.13
627 silly packumentCache full:https://registry.npmjs.org/tinyglobby cache-miss
628 http fetch GET 200 https://registry.npmjs.org/ts-api-utils 554ms (cache miss)
629 silly packumentCache full:https://registry.npmjs.org/ts-api-utils set size:undefined disposed:false
630 silly fetch manifest stable-hash@^0.0.5
631 silly packumentCache full:https://registry.npmjs.org/stable-hash cache-miss
632 http fetch GET 200 https://registry.npmjs.org/fast-glob 677ms (cache miss)
633 silly packumentCache full:https://registry.npmjs.org/fast-glob set size:undefined disposed:false
634 silly fetch manifest get-tsconfig@^4.10.0
635 silly packumentCache full:https://registry.npmjs.org/get-tsconfig cache-miss
636 http fetch GET 200 https://registry.npmjs.org/is-core-module 516ms (cache miss)
637 silly packumentCache full:https://registry.npmjs.org/is-core-module set size:undefined disposed:false
638 silly fetch manifest is-bun-module@^2.0.0
639 silly packumentCache full:https://registry.npmjs.org/is-bun-module cache-miss
640 http fetch GET 200 https://registry.npmjs.org/is-bun-module 240ms (cache miss)
641 silly packumentCache full:https://registry.npmjs.org/is-bun-module set size:undefined disposed:false
642 silly fetch manifest unrs-resolver@^1.6.2
643 silly packumentCache full:https://registry.npmjs.org/unrs-resolver cache-miss
644 http fetch GET 200 https://registry.npmjs.org/get-tsconfig 720ms (cache miss)
645 silly packumentCache full:https://registry.npmjs.org/get-tsconfig set size:undefined disposed:false
646 silly fetch manifest @nolyfill/is-core-module@1.0.39
647 silly packumentCache full:https://registry.npmjs.org/@nolyfill%2fis-core-module cache-miss
648 http fetch GET 200 https://registry.npmjs.org/unrs-resolver 516ms (cache miss)
649 silly packumentCache full:https://registry.npmjs.org/unrs-resolver set size:undefined disposed:false
650 silly fetch manifest @rtsao/scc@^1.1.0
651 silly packumentCache full:https://registry.npmjs.org/@rtsao%2fscc cache-miss
652 http fetch GET 200 https://registry.npmjs.org/tinyglobby 1273ms (cache miss)
653 silly packumentCache full:https://registry.npmjs.org/tinyglobby set size:undefined disposed:false
654 silly fetch manifest array-includes@^3.1.9
655 silly packumentCache full:https://registry.npmjs.org/array-includes cache-miss
656 http fetch GET 200 https://registry.npmjs.org/@rtsao%2fscc 253ms (cache miss)
657 silly packumentCache full:https://registry.npmjs.org/@rtsao%2fscc set size:undefined disposed:false
658 silly fetch manifest array.prototype.findlastindex@^1.2.6
659 silly packumentCache full:https://registry.npmjs.org/array.prototype.findlastindex cache-miss
660 http fetch GET 200 https://registry.npmjs.org/@nolyfill%2fis-core-module 473ms (cache miss)
661 silly packumentCache full:https://registry.npmjs.org/@nolyfill%2fis-core-module set size:undefined disposed:false
662 silly fetch manifest array.prototype.flat@^1.3.3
663 silly packumentCache full:https://registry.npmjs.org/array.prototype.flat cache-miss
664 http fetch GET 200 https://registry.npmjs.org/array.prototype.flat 278ms (cache miss)
665 silly packumentCache full:https://registry.npmjs.org/array.prototype.flat set size:undefined disposed:false
666 silly fetch manifest array.prototype.flatmap@^1.3.3
667 silly packumentCache full:https://registry.npmjs.org/array.prototype.flatmap cache-miss
668 http fetch GET 200 https://registry.npmjs.org/array-includes 500ms (cache miss)
669 silly packumentCache full:https://registry.npmjs.org/array-includes set size:undefined disposed:false
670 silly fetch manifest doctrine@^2.1.0
671 silly packumentCache full:https://registry.npmjs.org/doctrine cache-miss
672 http fetch GET 200 https://registry.npmjs.org/array.prototype.findlastindex 489ms (cache miss)
673 silly packumentCache full:https://registry.npmjs.org/array.prototype.findlastindex set size:undefined disposed:false
674 silly fetch manifest eslint-module-utils@^2.12.1
675 silly packumentCache full:https://registry.npmjs.org/eslint-module-utils cache-miss
676 http fetch GET 200 https://registry.npmjs.org/stable-hash 2148ms (cache miss)
677 silly packumentCache full:https://registry.npmjs.org/stable-hash set size:undefined disposed:false
678 silly fetch manifest hasown@^2.0.2
679 silly packumentCache full:https://registry.npmjs.org/hasown cache-miss
680 http fetch GET 200 https://registry.npmjs.org/doctrine 489ms (cache miss)
681 silly packumentCache full:https://registry.npmjs.org/doctrine set size:undefined disposed:false
682 silly fetch manifest object.fromentries@^2.0.8
683 silly packumentCache full:https://registry.npmjs.org/object.fromentries cache-miss
684 http fetch GET 200 https://registry.npmjs.org/eslint-module-utils 514ms (cache miss)
685 silly packumentCache full:https://registry.npmjs.org/eslint-module-utils set size:undefined disposed:false
686 silly fetch manifest object.groupby@^1.0.3
687 silly packumentCache full:https://registry.npmjs.org/object.groupby cache-miss
688 http fetch GET 200 https://registry.npmjs.org/hasown 237ms (cache miss)
689 silly packumentCache full:https://registry.npmjs.org/hasown set size:undefined disposed:false
690 silly fetch manifest object.values@^1.2.1
691 silly packumentCache full:https://registry.npmjs.org/object.values cache-miss
692 http fetch GET 200 https://registry.npmjs.org/array.prototype.flatmap 909ms (cache miss)
693 silly packumentCache full:https://registry.npmjs.org/array.prototype.flatmap set size:undefined disposed:false
694 silly fetch manifest semver@^6.3.1
695 silly packumentCache full:https://registry.npmjs.org/semver cache-miss
696 http fetch GET 200 https://registry.npmjs.org/object.groupby 236ms (cache miss)
697 silly packumentCache full:https://registry.npmjs.org/object.groupby set size:undefined disposed:false
698 silly fetch manifest string.prototype.trimend@^1.0.9
699 silly packumentCache full:https://registry.npmjs.org/string.prototype.trimend cache-miss
700 http fetch GET 200 https://registry.npmjs.org/object.fromentries 487ms (cache miss)
701 silly packumentCache full:https://registry.npmjs.org/object.fromentries set size:undefined disposed:false
702 silly fetch manifest tsconfig-paths@^3.15.0
703 silly packumentCache full:https://registry.npmjs.org/tsconfig-paths cache-miss
704 http fetch GET 200 https://registry.npmjs.org/object.values 513ms (cache miss)
705 silly packumentCache full:https://registry.npmjs.org/object.values set size:undefined disposed:false
706 silly fetch manifest aria-query@^5.3.2
707 silly packumentCache full:https://registry.npmjs.org/aria-query cache-miss
708 http fetch GET 200 https://registry.npmjs.org/tsconfig-paths 1160ms (cache miss)
709 silly packumentCache full:https://registry.npmjs.org/tsconfig-paths set size:undefined disposed:false
710 silly fetch manifest array-includes@^3.1.8
711 silly packumentCache full:https://registry.npmjs.org/array-includes cache-miss
712 http fetch GET 200 https://registry.npmjs.org/string.prototype.trimend 1360ms (cache miss)
713 silly packumentCache full:https://registry.npmjs.org/string.prototype.trimend set size:undefined disposed:false
714 silly fetch manifest array.prototype.flatmap@^1.3.2
715 silly packumentCache full:https://registry.npmjs.org/array.prototype.flatmap cache-miss
716 http fetch GET 200 https://registry.npmjs.org/aria-query 1154ms (cache miss)
717 silly packumentCache full:https://registry.npmjs.org/aria-query set size:undefined disposed:false
718 silly fetch manifest ast-types-flow@^0.0.8
719 silly packumentCache full:https://registry.npmjs.org/ast-types-flow cache-miss
720 http fetch GET 200 https://registry.npmjs.org/array-includes 244ms (cache revalidated)
721 silly packumentCache full:https://registry.npmjs.org/array-includes set size:77143 disposed:false
722 silly fetch manifest axe-core@^4.10.0
723 silly packumentCache full:https://registry.npmjs.org/axe-core cache-miss
724 http fetch GET 200 https://registry.npmjs.org/ast-types-flow 344ms (cache miss)
725 silly packumentCache full:https://registry.npmjs.org/ast-types-flow set size:undefined disposed:false
726 silly fetch manifest axobject-query@^4.1.0
727 silly packumentCache full:https://registry.npmjs.org/axobject-query cache-miss
728 http fetch GET 200 https://registry.npmjs.org/semver 2406ms (cache miss)
729 silly packumentCache full:https://registry.npmjs.org/semver set size:undefined disposed:false
730 silly fetch manifest damerau-levenshtein@^1.0.8
731 silly packumentCache full:https://registry.npmjs.org/damerau-levenshtein cache-miss
732 http fetch GET 200 https://registry.npmjs.org/axobject-query 950ms (cache miss)
733 silly packumentCache full:https://registry.npmjs.org/axobject-query set size:undefined disposed:false
734 silly fetch manifest emoji-regex@^9.2.2
735 silly packumentCache full:https://registry.npmjs.org/emoji-regex cache-miss
736 http fetch GET 200 https://registry.npmjs.org/damerau-levenshtein 472ms (cache miss)
737 silly packumentCache full:https://registry.npmjs.org/damerau-levenshtein set size:undefined disposed:false
738 silly fetch manifest jsx-ast-utils@^3.3.5
739 silly packumentCache full:https://registry.npmjs.org/jsx-ast-utils cache-miss
740 http fetch GET 200 https://registry.npmjs.org/array.prototype.flatmap 1687ms (cache revalidated)
741 silly packumentCache full:https://registry.npmjs.org/array.prototype.flatmap set size:51458 disposed:false
742 silly fetch manifest language-tags@^1.0.9
743 silly packumentCache full:https://registry.npmjs.org/language-tags cache-miss
744 http fetch GET 200 https://registry.npmjs.org/language-tags 459ms (cache miss)
745 silly packumentCache full:https://registry.npmjs.org/language-tags set size:undefined disposed:false
746 silly fetch manifest safe-regex-test@^1.0.3
747 silly packumentCache full:https://registry.npmjs.org/safe-regex-test cache-miss
748 http fetch GET 200 https://registry.npmjs.org/jsx-ast-utils 816ms (cache miss)
749 silly packumentCache full:https://registry.npmjs.org/jsx-ast-utils set size:undefined disposed:false
750 silly fetch manifest string.prototype.includes@^2.0.1
751 silly packumentCache full:https://registry.npmjs.org/string.prototype.includes cache-miss
752 http fetch GET 200 https://registry.npmjs.org/safe-regex-test 221ms (cache miss)
753 silly packumentCache full:https://registry.npmjs.org/safe-regex-test set size:undefined disposed:false
754 silly fetch manifest array.prototype.findlast@^1.2.5
755 silly packumentCache full:https://registry.npmjs.org/array.prototype.findlast cache-miss
756 http fetch GET 200 https://registry.npmjs.org/string.prototype.includes 297ms (cache miss)
757 silly packumentCache full:https://registry.npmjs.org/string.prototype.includes set size:undefined disposed:false
758 silly fetch manifest array.prototype.tosorted@^1.1.4
759 silly packumentCache full:https://registry.npmjs.org/array.prototype.tosorted cache-miss
760 http fetch GET 200 https://registry.npmjs.org/emoji-regex 1208ms (cache miss)
761 silly packumentCache full:https://registry.npmjs.org/emoji-regex set size:undefined disposed:false
762 silly fetch manifest es-iterator-helpers@^1.2.1
763 silly packumentCache full:https://registry.npmjs.org/es-iterator-helpers cache-miss
764 http fetch GET 200 https://registry.npmjs.org/array.prototype.tosorted 350ms (cache miss)
765 silly packumentCache full:https://registry.npmjs.org/array.prototype.tosorted set size:undefined disposed:false
766 silly fetch manifest estraverse@^5.3.0
767 silly packumentCache full:https://registry.npmjs.org/estraverse cache-miss
768 http fetch GET 200 https://registry.npmjs.org/array.prototype.findlast 684ms (cache miss)
769 silly packumentCache full:https://registry.npmjs.org/array.prototype.findlast set size:undefined disposed:false
770 silly fetch manifest jsx-ast-utils@^2.4.1 || ^3.0.0
771 silly packumentCache full:https://registry.npmjs.org/jsx-ast-utils cache-miss
772 http fetch GET 200 https://registry.npmjs.org/estraverse 218ms (cache revalidated)
773 silly packumentCache full:https://registry.npmjs.org/estraverse set size:62412 disposed:false
774 silly fetch manifest object.entries@^1.1.9
775 silly packumentCache full:https://registry.npmjs.org/object.entries cache-miss
776 http fetch GET 200 https://registry.npmjs.org/jsx-ast-utils 226ms (cache revalidated)
777 silly packumentCache full:https://registry.npmjs.org/jsx-ast-utils set size:115998 disposed:false
778 silly fetch manifest prop-types@^15.8.1
779 silly packumentCache full:https://registry.npmjs.org/prop-types cache-miss
780 http fetch GET 200 https://registry.npmjs.org/es-iterator-helpers 1081ms (cache miss)
781 silly packumentCache full:https://registry.npmjs.org/es-iterator-helpers set size:undefined disposed:false
782 silly fetch manifest resolve@^2.0.0-next.5
783 silly packumentCache full:https://registry.npmjs.org/resolve cache-miss
784 http fetch GET 200 https://registry.npmjs.org/object.entries 784ms (cache miss)
785 silly packumentCache full:https://registry.npmjs.org/object.entries set size:undefined disposed:false
786 silly fetch manifest string.prototype.matchall@^4.0.12
787 silly packumentCache full:https://registry.npmjs.org/string.prototype.matchall cache-miss
788 http fetch GET 200 https://registry.npmjs.org/resolve 224ms (cache revalidated)
789 silly packumentCache full:https://registry.npmjs.org/resolve set size:244568 disposed:false
790 silly fetch manifest string.prototype.repeat@^1.0.0
791 silly packumentCache full:https://registry.npmjs.org/string.prototype.repeat cache-miss
792 http fetch GET 200 https://registry.npmjs.org/prop-types 731ms (cache miss)
793 silly packumentCache full:https://registry.npmjs.org/prop-types set size:undefined disposed:false
794 http fetch GET 200 https://registry.npmjs.org/@typescript-eslint%2fscope-manager 8502ms (cache miss)
795 silly packumentCache full:https://registry.npmjs.org/@typescript-eslint%2fscope-manager set size:undefined disposed:false
796 http fetch GET 200 https://registry.npmjs.org/string.prototype.repeat 935ms (cache miss)
797 silly packumentCache full:https://registry.npmjs.org/string.prototype.repeat set size:undefined disposed:false
798 http fetch GET 200 https://registry.npmjs.org/string.prototype.matchall 1141ms (cache miss)
799 silly packumentCache full:https://registry.npmjs.org/string.prototype.matchall set size:undefined disposed:false
800 http fetch GET 200 https://registry.npmjs.org/@typescript-eslint%2fvisitor-keys 17307ms (cache miss)
801 silly packumentCache full:https://registry.npmjs.org/@typescript-eslint%2fvisitor-keys set size:undefined disposed:false
802 http fetch GET 200 https://registry.npmjs.org/axe-core 18419ms (cache miss)
803 silly packumentCache full:https://registry.npmjs.org/axe-core set size:undefined disposed:false
804 http fetch GET 200 https://registry.npmjs.org/@typescript-eslint%2ftypes 31627ms (cache miss)
805 silly packumentCache full:https://registry.npmjs.org/@typescript-eslint%2ftypes set size:undefined disposed:false
806 http fetch GET 200 https://registry.npmjs.org/@typescript-eslint%2fvisitor-keys 46276ms (cache miss)
807 silly packumentCache full:https://registry.npmjs.org/@typescript-eslint%2fvisitor-keys set size:undefined disposed:false
808 http fetch GET 200 https://registry.npmjs.org/@typescript-eslint%2ftype-utils 48040ms (cache miss)
809 silly packumentCache full:https://registry.npmjs.org/@typescript-eslint%2ftype-utils set size:undefined disposed:false
810 http fetch GET 200 https://registry.npmjs.org/@typescript-eslint%2ftypescript-estree 56122ms (cache miss)
811 silly packumentCache full:https://registry.npmjs.org/@typescript-eslint%2ftypescript-estree set size:undefined disposed:false
